[31m[Nest] 12236  - [39m10.03.2026, 05:20:11 [31m  ERROR[39m [38;5;3m[NestApplication] [39m[31mError: listen EADDRINUSE: address already in use :::3001[39m[38;5;3m +2ms[39m
node:net:1940
    const ex = new UVExceptionWithHostPort(err, 'listen', address, port);
               ^

Error: listen EADDRINUSE: address already in use :::3001
    at Server.setupListenHandle [as _listen2] (node:net:1940:16)
    at listenInCluster (node:net:1997:12)
    at Server.listen (node:net:2102:7)
    at ExpressAdapter.listen (C:\Users\sveta\Desktop\elbrus-part-time\phase-3\travel-planner\node_modules\.pnpm\@nestjs+platform-express@11.1.15_@nestjs+common@11.1.15_class-transformer@0.5.1_class-validat_kq775datsb4h4tjd4qgf3sbz2a\node_modules\@nestjs\platform-express\adapters\express-adapter.js:127:32)
    at C:\Users\sveta\Desktop\elbrus-part-time\phase-3\travel-planner\node_modules\.pnpm\@nestjs+core@11.1.15_@nestjs+common@11.1.15_class-transformer@0.5.1_class-validator@0.15.1_re_ijf6afhngpqpkhhuhjsutlmi44\node_modules\@nestjs\core\nest-application.js:188:30
    at new Promise (<anonymous>)
    at NestApplication.listen (C:\Users\sveta\Desktop\elbrus-part-time\phase-3\travel-planner\node_modules\.pnpm\@nestjs+core@11.1.15_@nestjs+common@11.1.15_class-transformer@0.5.1_class-validator@0.15.1_re_ijf6afhngpqpkhhuhjsutlmi44\node_modules\@nestjs\core\nest-application.js:178:16)
    at async bootstrap (C:\Users\sveta\Desktop\elbrus-part-time\phase-3\travel-planner\apps\api\src\main.ts:14:3) {
  code: 'EADDRINUSE',
  errno: -4091,
  syscall: 'listen',
  address: '::',
  port: 3001
}

Node.js v22.19.0
^C